2020-11-05T05:59:44.916Z info: GET /api/account/update 200 164ms

2020-11-05T06:00:38.355Z info: GET /api/account/update 200 148ms

2020-11-05T06:01:26.182Z info: GET /api/account/update 200 149ms

2020-11-05T06:02:15.097Z info: GET /api/account/update 200 161ms

2020-11-05T06:06:42.622Z info: GET /api/account/update 200 180ms

2020-11-05T06:08:16.096Z info: GET /api/account/update 200 208ms

2020-11-05T06:09:18.319Z info: GET /api/account/update 200 524ms

2020-11-05T06:10:16.751Z info: GET /api/account/update 200 645ms

2020-11-05T06:43:39.850Z info: GET /api/account/update 200 743ms

2020-11-05T06:44:22.752Z info: GET /api/account/update 200 505ms

2020-11-05T06:53:50.496Z error: 
‚®Ø Unable to compile TypeScript:
[96msrc/controllers/accountController.ts[0m:[93m19[0m:[93m52[0m - [91merror[0m[90m TS2339: [0mProperty 'find' does not exist on type 'AccountService'.

[7m19[0m         const accounts = await this.accountService.find({});
[7m  [0m [91m                                                   ~~~~[0m
[96msrc/controllers/accountController.ts[0m:[93m31[0m:[93m39[0m - [91merror[0m[90m TS2339: [0mProperty 'saveOrCreate' does not exist on type 'AccountService'.

[7m31[0m             await this.accountService.saveOrCreate(account, ['username'])
[7m  [0m [91m                                      ~~~~~~~~~~~~[0m

Error: ‚®Ø Unable to compile TypeScript:
[96msrc/controllers/accountController.ts[0m:[93m19[0m:[93m52[0m - [91merror[0m[90m TS2339: [0mProperty 'find' does not exist on type 'AccountService'.

[7m19[0m         const accounts = await this.accountService.find({});
[7m  [0m [91m                                                   ~~~~[0m
[96msrc/controllers/accountController.ts[0m:[93m31[0m:[93m39[0m - [91merror[0m[90m TS2339: [0mProperty 'saveOrCreate' does not exist on type 'AccountService'.

[7m31[0m             await this.accountService.saveOrCreate(account, ['username'])
[7m  [0m [91m                                      ~~~~~~~~~~~~[0m

    at Object.<anonymous> (E:\demo\91goout\src\controllers\accountController.ts:1:7)
    at Module._compile (internal/modules/cjs/loader.js:1158:30)
    at Module._compile (C:\Users\bnqkl\AppData\Roaming\npm\node_modules\ts-node-dev\node_modules\source-map-support\source-map-support.js:547:25)
    at Module.m._compile (C:\Users\bnqkl\AppData\Local\Temp\ts-node-dev-hook-7612138031582523.js:57:33)
    at Module._extensions..js (internal/modules/cjs/loader.js:1178:10)
    at require.extensions.<computed> (C:\Users\bnqkl\AppData\Local\Temp\ts-node-dev-hook-7612138031582523.js:59:20)
    at Object.nodeDevHook [as .ts] (C:\Users\bnqkl\AppData\Roaming\npm\node_modules\ts-node-dev\lib\hook.js:63:13)
    at Module.load (internal/modules/cjs/loader.js:1002:32)
    at Function.Module._load (internal/modules/cjs/loader.js:901:14)
    at Module.require (internal/modules/cjs/loader.js:1044:19)
    at require (internal/modules/cjs/helpers.js:77:18)
    at E:\demo\src\util\importClassesFromDirectories.ts:30:20
    at Array.map (<anonymous>)
    at Object.importClassesFromDirectories (E:\demo\src\util\importClassesFromDirectories.ts:29:10)
    at createExecutor (E:\demo\src\index.ts:160:35)
    at createServer (E:\demo\src\index.ts:146:5)
    at Object.useKoaServer (E:\demo\src\index.ts:131:12)
    at setupServer (E:\demo\91goout\src\server.ts:29:5)
    at processTicksAndRejections (internal/process/task_queues.js:97:5)

2020-11-05T06:55:23.011Z warn: GET /api/account/update 405 2ms

2020-11-05T06:58:55.406Z info: GET /api/account/updateAll 200 204909ms

2020-11-05T07:05:06.175Z info: GET /api/account/updateAll 200 206030ms

2020-11-05T07:07:28.309Z error: 
‚®Ø Unable to compile TypeScript:
[96msrc/controllers/accountController.ts[0m:[93m25[0m:[93m29[0m - [91merror[0m[90m TS2339: [0mProperty 'updateAll' does not exist on type 'AccountService'.

[7m25[0m         this.accountService.updateAll();
[7m  [0m [91m                            ~~~~~~~~~[0m

Error: ‚®Ø Unable to compile TypeScript:
[96msrc/controllers/accountController.ts[0m:[93m25[0m:[93m29[0m - [91merror[0m[90m TS2339: [0mProperty 'updateAll' does not exist on type 'AccountService'.

[7m25[0m         this.accountService.updateAll();
[7m  [0m [91m                            ~~~~~~~~~[0m

    at Object.<anonymous> (E:\demo\91goout\src\controllers\accountController.ts:1:7)
    at Module._compile (internal/modules/cjs/loader.js:1158:30)
    at Module._compile (C:\Users\bnqkl\AppData\Roaming\npm\node_modules\ts-node-dev\node_modules\source-map-support\source-map-support.js:547:25)
    at Module.m._compile (C:\Users\bnqkl\AppData\Local\Temp\ts-node-dev-hook-7612138031582523.js:57:33)
    at Module._extensions..js (internal/modules/cjs/loader.js:1178:10)
    at require.extensions.<computed> (C:\Users\bnqkl\AppData\Local\Temp\ts-node-dev-hook-7612138031582523.js:59:20)
    at Object.nodeDevHook [as .ts] (C:\Users\bnqkl\AppData\Roaming\npm\node_modules\ts-node-dev\lib\hook.js:63:13)
    at Module.load (internal/modules/cjs/loader.js:1002:32)
    at Function.Module._load (internal/modules/cjs/loader.js:901:14)
    at Module.require (internal/modules/cjs/loader.js:1044:19)
    at require (internal/modules/cjs/helpers.js:77:18)
    at E:\demo\src\util\importClassesFromDirectories.ts:30:20
    at Array.map (<anonymous>)
    at Object.importClassesFromDirectories (E:\demo\src\util\importClassesFromDirectories.ts:29:10)
    at createExecutor (E:\demo\src\index.ts:160:35)
    at createServer (E:\demo\src\index.ts:146:5)
    at Object.useKoaServer (E:\demo\src\index.ts:131:12)
    at setupServer (E:\demo\91goout\src\server.ts:29:5)
    at processTicksAndRejections (internal/process/task_queues.js:97:5)

2020-11-05T07:13:30.477Z error: 
‚®Ø Unable to compile TypeScript:
[96msrc/controllers/accountController.ts[0m:[93m25[0m:[93m29[0m - [91merror[0m[90m TS2339: [0mProperty 'updateAll' does not exist on type 'AccountService'.

[7m25[0m         this.accountService.updateAll();
[7m  [0m [91m                            ~~~~~~~~~[0m
[96msrc/controllers/accountController.ts[0m:[93m31[0m:[93m29[0m - [91merror[0m[90m TS2339: [0mProperty 'updateAccounts' does not exist on type 'AccountService'.

[7m31[0m         this.accountService.updateAccounts()
[7m  [0m [91m                            ~~~~~~~~~~~~~~[0m

Error: ‚®Ø Unable to compile TypeScript:
[96msrc/controllers/accountController.ts[0m:[93m25[0m:[93m29[0m - [91merror[0m[90m TS2339: [0mProperty 'updateAll' does not exist on type 'AccountService'.

[7m25[0m         this.accountService.updateAll();
[7m  [0m [91m                            ~~~~~~~~~[0m
[96msrc/controllers/accountController.ts[0m:[93m31[0m:[93m29[0m - [91merror[0m[90m TS2339: [0mProperty 'updateAccounts' does not exist on type 'AccountService'.

[7m31[0m         this.accountService.updateAccounts()
[7m  [0m [91m                            ~~~~~~~~~~~~~~[0m

    at Object.<anonymous> (E:\demo\91goout\src\controllers\accountController.ts:1:7)
    at Module._compile (internal/modules/cjs/loader.js:1158:30)
    at Module._compile (C:\Users\bnqkl\AppData\Roaming\npm\node_modules\ts-node-dev\node_modules\source-map-support\source-map-support.js:547:25)
    at Module.m._compile (C:\Users\bnqkl\AppData\Local\Temp\ts-node-dev-hook-7612138031582523.js:57:33)
    at Module._extensions..js (internal/modules/cjs/loader.js:1178:10)
    at require.extensions.<computed> (C:\Users\bnqkl\AppData\Local\Temp\ts-node-dev-hook-7612138031582523.js:59:20)
    at Object.nodeDevHook [as .ts] (C:\Users\bnqkl\AppData\Roaming\npm\node_modules\ts-node-dev\lib\hook.js:63:13)
    at Module.load (internal/modules/cjs/loader.js:1002:32)
    at Function.Module._load (internal/modules/cjs/loader.js:901:14)
    at Module.require (internal/modules/cjs/loader.js:1044:19)
    at require (internal/modules/cjs/helpers.js:77:18)
    at E:\demo\src\util\importClassesFromDirectories.ts:30:20
    at Array.map (<anonymous>)
    at Object.importClassesFromDirectories (E:\demo\src\util\importClassesFromDirectories.ts:29:10)
    at createExecutor (E:\demo\src\index.ts:160:35)
    at createServer (E:\demo\src\index.ts:146:5)
    at Object.useKoaServer (E:\demo\src\index.ts:131:12)
    at setupServer (E:\demo\91goout\src\server.ts:29:5)
    at processTicksAndRejections (internal/process/task_queues.js:97:5)

2020-11-05T07:26:33.224Z error: 
‚®Ø Unable to compile TypeScript:
[96msrc/controllers/accountController.ts[0m:[93m25[0m:[93m29[0m - [91merror[0m[90m TS2339: [0mProperty 'updateAll' does not exist on type 'AccountService'.

[7m25[0m         this.accountService.updateAll();
[7m  [0m [91m                            ~~~~~~~~~[0m
[96msrc/controllers/accountController.ts[0m:[93m31[0m:[93m29[0m - [91merror[0m[90m TS2339: [0mProperty 'updateAccounts' does not exist on type 'AccountService'.

[7m31[0m         this.accountService.updateAccounts()
[7m  [0m [91m                            ~~~~~~~~~~~~~~[0m

Error: ‚®Ø Unable to compile TypeScript:
[96msrc/controllers/accountController.ts[0m:[93m25[0m:[93m29[0m - [91merror[0m[90m TS2339: [0mProperty 'updateAll' does not exist on type 'AccountService'.

[7m25[0m         this.accountService.updateAll();
[7m  [0m [91m                            ~~~~~~~~~[0m
[96msrc/controllers/accountController.ts[0m:[93m31[0m:[93m29[0m - [91merror[0m[90m TS2339: [0mProperty 'updateAccounts' does not exist on type 'AccountService'.

[7m31[0m         this.accountService.updateAccounts()
[7m  [0m [91m                            ~~~~~~~~~~~~~~[0m

    at Object.<anonymous> (E:\demo\91goout\src\controllers\accountController.ts:1:7)
    at Module._compile (internal/modules/cjs/loader.js:1158:30)
    at Module._compile (C:\Users\bnqkl\AppData\Roaming\npm\node_modules\ts-node-dev\node_modules\source-map-support\source-map-support.js:547:25)
    at Module.m._compile (C:\Users\bnqkl\AppData\Local\Temp\ts-node-dev-hook-7612138031582523.js:57:33)
    at Module._extensions..js (internal/modules/cjs/loader.js:1178:10)
    at require.extensions.<computed> (C:\Users\bnqkl\AppData\Local\Temp\ts-node-dev-hook-7612138031582523.js:59:20)
    at Object.nodeDevHook [as .ts] (C:\Users\bnqkl\AppData\Roaming\npm\node_modules\ts-node-dev\lib\hook.js:63:13)
    at Module.load (internal/modules/cjs/loader.js:1002:32)
    at Function.Module._load (internal/modules/cjs/loader.js:901:14)
    at Module.require (internal/modules/cjs/loader.js:1044:19)
    at require (internal/modules/cjs/helpers.js:77:18)
    at E:\demo\src\util\importClassesFromDirectories.ts:30:20
    at Array.map (<anonymous>)
    at Object.importClassesFromDirectories (E:\demo\src\util\importClassesFromDirectories.ts:29:10)
    at createExecutor (E:\demo\src\index.ts:160:35)
    at createServer (E:\demo\src\index.ts:146:5)
    at Object.useKoaServer (E:\demo\src\index.ts:131:12)
    at setupServer (E:\demo\91goout\src\server.ts:29:5)
    at processTicksAndRejections (internal/process/task_queues.js:97:5)

2020-11-05T07:26:41.684Z error: 
‚®Ø Unable to compile TypeScript:
[96msrc/controllers/accountController.ts[0m:[93m25[0m:[93m29[0m - [91merror[0m[90m TS2339: [0mProperty 'updateAll' does not exist on type 'AccountService'.

[7m25[0m         this.accountService.updateAll();
[7m  [0m [91m                            ~~~~~~~~~[0m
[96msrc/controllers/accountController.ts[0m:[93m31[0m:[93m29[0m - [91merror[0m[90m TS2339: [0mProperty 'updateAccounts' does not exist on type 'AccountService'.

[7m31[0m         this.accountService.updateAccounts()
[7m  [0m [91m                            ~~~~~~~~~~~~~~[0m

Error: ‚®Ø Unable to compile TypeScript:
[96msrc/controllers/accountController.ts[0m:[93m25[0m:[93m29[0m - [91merror[0m[90m TS2339: [0mProperty 'updateAll' does not exist on type 'AccountService'.

[7m25[0m         this.accountService.updateAll();
[7m  [0m [91m                            ~~~~~~~~~[0m
[96msrc/controllers/accountController.ts[0m:[93m31[0m:[93m29[0m - [91merror[0m[90m TS2339: [0mProperty 'updateAccounts' does not exist on type 'AccountService'.

[7m31[0m         this.accountService.updateAccounts()
[7m  [0m [91m                            ~~~~~~~~~~~~~~[0m

    at Object.<anonymous> (E:\demo\91goout\src\controllers\accountController.ts:1:7)
    at Module._compile (internal/modules/cjs/loader.js:1158:30)
    at Module._compile (C:\Users\bnqkl\AppData\Roaming\npm\node_modules\ts-node-dev\node_modules\source-map-support\source-map-support.js:547:25)
    at Module.m._compile (C:\Users\bnqkl\AppData\Local\Temp\ts-node-dev-hook-7612138031582523.js:57:33)
    at Module._extensions..js (internal/modules/cjs/loader.js:1178:10)
    at require.extensions.<computed> (C:\Users\bnqkl\AppData\Local\Temp\ts-node-dev-hook-7612138031582523.js:59:20)
    at Object.nodeDevHook [as .ts] (C:\Users\bnqkl\AppData\Roaming\npm\node_modules\ts-node-dev\lib\hook.js:63:13)
    at Module.load (internal/modules/cjs/loader.js:1002:32)
    at Function.Module._load (internal/modules/cjs/loader.js:901:14)
    at Module.require (internal/modules/cjs/loader.js:1044:19)
    at require (internal/modules/cjs/helpers.js:77:18)
    at E:\demo\src\util\importClassesFromDirectories.ts:30:20
    at Array.map (<anonymous>)
    at Object.importClassesFromDirectories (E:\demo\src\util\importClassesFromDirectories.ts:29:10)
    at createExecutor (E:\demo\src\index.ts:160:35)
    at createServer (E:\demo\src\index.ts:146:5)
    at Object.useKoaServer (E:\demo\src\index.ts:131:12)
    at setupServer (E:\demo\91goout\src\server.ts:29:5)
    at processTicksAndRejections (internal/process/task_queues.js:97:5)

2020-11-05T07:27:33.753Z error: 
‚®Ø Unable to compile TypeScript:
[96msrc/controllers/accountController.ts[0m:[93m25[0m:[93m29[0m - [91merror[0m[90m TS2339: [0mProperty 'updateAll' does not exist on type 'AccountService'.

[7m25[0m         this.accountService.updateAll();
[7m  [0m [91m                            ~~~~~~~~~[0m
[96msrc/controllers/accountController.ts[0m:[93m31[0m:[93m29[0m - [91merror[0m[90m TS2339: [0mProperty 'updateAccounts' does not exist on type 'AccountService'.

[7m31[0m         this.accountService.updateAccounts()
[7m  [0m [91m                            ~~~~~~~~~~~~~~[0m

Error: ‚®Ø Unable to compile TypeScript:
[96msrc/controllers/accountController.ts[0m:[93m25[0m:[93m29[0m - [91merror[0m[90m TS2339: [0mProperty 'updateAll' does not exist on type 'AccountService'.

[7m25[0m         this.accountService.updateAll();
[7m  [0m [91m                            ~~~~~~~~~[0m
[96msrc/controllers/accountController.ts[0m:[93m31[0m:[93m29[0m - [91merror[0m[90m TS2339: [0mProperty 'updateAccounts' does not exist on type 'AccountService'.

[7m31[0m         this.accountService.updateAccounts()
[7m  [0m [91m                            ~~~~~~~~~~~~~~[0m

    at Object.<anonymous> (E:\demo\91goout\src\controllers\accountController.ts:1:7)
    at Module._compile (internal/modules/cjs/loader.js:1158:30)
    at Module._compile (C:\Users\bnqkl\AppData\Roaming\npm\node_modules\ts-node-dev\node_modules\source-map-support\source-map-support.js:547:25)
    at Module.m._compile (C:\Users\bnqkl\AppData\Local\Temp\ts-node-dev-hook-7612138031582523.js:57:33)
    at Module._extensions..js (internal/modules/cjs/loader.js:1178:10)
    at require.extensions.<computed> (C:\Users\bnqkl\AppData\Local\Temp\ts-node-dev-hook-7612138031582523.js:59:20)
    at Object.nodeDevHook [as .ts] (C:\Users\bnqkl\AppData\Roaming\npm\node_modules\ts-node-dev\lib\hook.js:63:13)
    at Module.load (internal/modules/cjs/loader.js:1002:32)
    at Function.Module._load (internal/modules/cjs/loader.js:901:14)
    at Module.require (internal/modules/cjs/loader.js:1044:19)
    at require (internal/modules/cjs/helpers.js:77:18)
    at E:\demo\src\util\importClassesFromDirectories.ts:30:20
    at Array.map (<anonymous>)
    at Object.importClassesFromDirectories (E:\demo\src\util\importClassesFromDirectories.ts:29:10)
    at createExecutor (E:\demo\src\index.ts:160:35)
    at createServer (E:\demo\src\index.ts:146:5)
    at Object.useKoaServer (E:\demo\src\index.ts:131:12)
    at setupServer (E:\demo\91goout\src\server.ts:29:5)
    at processTicksAndRejections (internal/process/task_queues.js:97:5)

2020-11-05T07:29:28.255Z warn: GET /api/account/updateAccounts 405 2ms

2020-11-05T07:29:39.338Z info: GET /api/account/updateNewAccount 200 6ms

2020-11-06T03:14:56.484Z info: GET /api/account/updateAll 200 9ms

2020-11-06T03:18:30.475Z error: 
Ë¥¶Âè∑‰∏çÂ≠òÂú®
Error: Ë¥¶Âè∑‰∏çÂ≠òÂú®
    at OrderController.create (E:\demo\91goout\src\controllers\orderController.ts:31:19)
    at ErrorHandler.use (E:\demo\91goout\src\middlewares\errorHandler.ts:10:13)
    at bodyParser (E:\demo\91goout\node_modules\koa-bodyparser\index.js:82:48)
    at bodyParser (E:\demo\91goout\node_modules\koa-bodyparser\index.js:95:5)
    at E:\demo\91goout\src\logger.ts:52:9
    at cors (E:\demo\91goout\node_modules\@koa\cors\index.js:56:32)

2020-11-06T03:18:30.482Z info: POST /api/order 200 242ms

2020-11-06T03:18:41.210Z info: POST /api/order 200 24ms

2020-11-06T03:20:31.689Z info: POST /api/order 200 7ms

2020-11-06T03:22:26.405Z info: POST /api/order 200 223ms

2020-11-06T03:24:46.188Z info: GET /api/order 200 45ms

2020-11-06T03:25:07.786Z info: GET /api/order 200 40ms

2020-11-06T03:25:20.581Z info: GET /api/orders 200 8ms

2020-11-06T03:25:56.405Z info: GET /api/order 200 48ms

2020-11-06T03:27:27.272Z info: GET /api/order 200 67ms

2020-11-06T03:28:51.187Z info: POST /api/order 200 67ms

2020-11-06T03:29:51.277Z warn: POST /api/orders 405 18ms

2020-11-06T03:30:05.534Z info: GET /api/orders 200 31ms

2020-11-06T03:30:26.842Z info: GET /api/orders 200 61ms

2020-11-06T06:21:52.843Z info: POST /api/order 200 69ms

2020-11-06T06:26:28.958Z info: GET /api/orders?orderId=535c0d2cb1f044e7bcf771eabd71459a 200 47ms

2020-11-06T06:27:05.879Z info: GET /api/order?orderId=535c0d2cb1f044e7bcf771eabd71459a 200 10ms

2020-11-06T06:30:10.723Z info: GET /api/order?orderId=535c0d2cb1f044e7bcf771eabd71459a 200 30ms

2020-11-06T06:32:51.447Z info: GET /api/order?orderId=535c0d2cb1f044e7bcf771eabd71459a 200 37ms

2020-11-06T06:32:54.693Z info: GET /api/order?orderId=535c0d2cb1f044e7bcf771eabd71459a 200 3ms

2020-11-06T06:45:03.931Z error: 
document must have an _id before saving
MongooseError: document must have an _id before saving
    at Timeout._onTimeout (E:\demo\91goout\node_modules\mongoose\lib\model.js:269:18)
    at listOnTimeout (internal/timers.js:549:17)
    at processTimers (internal/timers.js:492:7)

2020-11-06T06:45:03.934Z info: POST /api/order 200 61ms

2020-11-06T06:46:21.385Z info: GET /api/order?orderId=535c0d2cb1f044e7bcf771eabd71459a 200 60ms

2020-11-06T07:07:03.148Z error: 
action.response.send is not a function
TypeError: action.response.send is not a function
    at ResponseHandler.intercept (E:\demo\91goout\src\interceptors\responseHandler.ts:10:32)
    at E:\demo\src\RoutingControllers.ts:174:96
    at E:\demo\src\RoutingControllers.ts:148:47
    at E:\demo\src\util\runInSequence.ts:9:20

2020-11-06T07:07:03.154Z info: GET /api/order?orderId=535c0d2cb1f044e7bcf771eabd71459a 200 76ms

2020-11-06T07:11:19.447Z error: 
action.response.send is not a function
TypeError: action.response.send is not a function
    at ResponseHandler.intercept (E:\demo\91goout\src\interceptors\responseHandler.ts:11:32)
    at E:\demo\src\RoutingControllers.ts:174:96
    at E:\demo\src\RoutingControllers.ts:148:47
    at E:\demo\src\util\runInSequence.ts:9:20

2020-11-06T07:11:19.455Z info: GET /api/order?orderId=535c0d2cb1f044e7bcf771eabd71459a 200 229ms

2020-11-06T07:11:44.219Z error: 
action.response.send is not a function
TypeError: action.response.send is not a function
    at ResponseHandler.intercept (E:\demo\91goout\src\interceptors\responseHandler.ts:11:32)
    at E:\demo\src\RoutingControllers.ts:174:96
    at E:\demo\src\RoutingControllers.ts:148:47
    at E:\demo\src\util\runInSequence.ts:9:20

2020-11-06T07:11:44.266Z info: GET /api/order?orderId=535c0d2cb1f044e7bcf771eabd71459a 200 107ms

2020-11-06T07:27:14.715Z info: GET /api/order?orderId=535c0d2cb1f044e7bcf771eabd71459a 200 55ms

2020-11-06T07:28:23.988Z info: GET /api/order?orderId=535c0d2cb1f044e7bcf771eabd71459a 200 42ms

