2020-11-05T06:53:50.495Z error: 
â¨¯ Unable to compile TypeScript:
[96msrc/controllers/accountController.ts[0m:[93m19[0m:[93m52[0m - [91merror[0m[90m TS2339: [0mProperty 'find' does not exist on type 'AccountService'.

[7m19[0m         const accounts = await this.accountService.find({});
[7m  [0m [91m                                                   ~~~~[0m
[96msrc/controllers/accountController.ts[0m:[93m31[0m:[93m39[0m - [91merror[0m[90m TS2339: [0mProperty 'saveOrCreate' does not exist on type 'AccountService'.

[7m31[0m             await this.accountService.saveOrCreate(account, ['username'])
[7m  [0m [91m                                      ~~~~~~~~~~~~[0m

Error: â¨¯ Unable to compile TypeScript:
[96msrc/controllers/accountController.ts[0m:[93m19[0m:[93m52[0m - [91merror[0m[90m TS2339: [0mProperty 'find' does not exist on type 'AccountService'.

[7m19[0m         const accounts = await this.accountService.find({});
[7m  [0m [91m                                                   ~~~~[0m
[96msrc/controllers/accountController.ts[0m:[93m31[0m:[93m39[0m - [91merror[0m[90m TS2339: [0mProperty 'saveOrCreate' does not exist on type 'AccountService'.

[7m31[0m             await this.accountService.saveOrCreate(account, ['username'])
[7m  [0m [91m                                      ~~~~~~~~~~~~[0m

    at Object.<anonymous> (E:\demo\91goout\src\controllers\accountController.ts:1:7)
    at Module._compile (internal/modules/cjs/loader.js:1158:30)
    at Module._compile (C:\Users\bnqkl\AppData\Roaming\npm\node_modules\ts-node-dev\node_modules\source-map-support\source-map-support.js:547:25)
    at Module.m._compile (C:\Users\bnqkl\AppData\Local\Temp\ts-node-dev-hook-7612138031582523.js:57:33)
    at Module._extensions..js (internal/modules/cjs/loader.js:1178:10)
    at require.extensions.<computed> (C:\Users\bnqkl\AppData\Local\Temp\ts-node-dev-hook-7612138031582523.js:59:20)
    at Object.nodeDevHook [as .ts] (C:\Users\bnqkl\AppData\Roaming\npm\node_modules\ts-node-dev\lib\hook.js:63:13)
    at Module.load (internal/modules/cjs/loader.js:1002:32)
    at Function.Module._load (internal/modules/cjs/loader.js:901:14)
    at Module.require (internal/modules/cjs/loader.js:1044:19)
    at require (internal/modules/cjs/helpers.js:77:18)
    at E:\demo\src\util\importClassesFromDirectories.ts:30:20
    at Array.map (<anonymous>)
    at Object.importClassesFromDirectories (E:\demo\src\util\importClassesFromDirectories.ts:29:10)
    at createExecutor (E:\demo\src\index.ts:160:35)
    at createServer (E:\demo\src\index.ts:146:5)
    at Object.useKoaServer (E:\demo\src\index.ts:131:12)
    at setupServer (E:\demo\91goout\src\server.ts:29:5)
    at processTicksAndRejections (internal/process/task_queues.js:97:5)

2020-11-05T07:07:28.308Z error: 
â¨¯ Unable to compile TypeScript:
[96msrc/controllers/accountController.ts[0m:[93m25[0m:[93m29[0m - [91merror[0m[90m TS2339: [0mProperty 'updateAll' does not exist on type 'AccountService'.

[7m25[0m         this.accountService.updateAll();
[7m  [0m [91m                            ~~~~~~~~~[0m

Error: â¨¯ Unable to compile TypeScript:
[96msrc/controllers/accountController.ts[0m:[93m25[0m:[93m29[0m - [91merror[0m[90m TS2339: [0mProperty 'updateAll' does not exist on type 'AccountService'.

[7m25[0m         this.accountService.updateAll();
[7m  [0m [91m                            ~~~~~~~~~[0m

    at Object.<anonymous> (E:\demo\91goout\src\controllers\accountController.ts:1:7)
    at Module._compile (internal/modules/cjs/loader.js:1158:30)
    at Module._compile (C:\Users\bnqkl\AppData\Roaming\npm\node_modules\ts-node-dev\node_modules\source-map-support\source-map-support.js:547:25)
    at Module.m._compile (C:\Users\bnqkl\AppData\Local\Temp\ts-node-dev-hook-7612138031582523.js:57:33)
    at Module._extensions..js (internal/modules/cjs/loader.js:1178:10)
    at require.extensions.<computed> (C:\Users\bnqkl\AppData\Local\Temp\ts-node-dev-hook-7612138031582523.js:59:20)
    at Object.nodeDevHook [as .ts] (C:\Users\bnqkl\AppData\Roaming\npm\node_modules\ts-node-dev\lib\hook.js:63:13)
    at Module.load (internal/modules/cjs/loader.js:1002:32)
    at Function.Module._load (internal/modules/cjs/loader.js:901:14)
    at Module.require (internal/modules/cjs/loader.js:1044:19)
    at require (internal/modules/cjs/helpers.js:77:18)
    at E:\demo\src\util\importClassesFromDirectories.ts:30:20
    at Array.map (<anonymous>)
    at Object.importClassesFromDirectories (E:\demo\src\util\importClassesFromDirectories.ts:29:10)
    at createExecutor (E:\demo\src\index.ts:160:35)
    at createServer (E:\demo\src\index.ts:146:5)
    at Object.useKoaServer (E:\demo\src\index.ts:131:12)
    at setupServer (E:\demo\91goout\src\server.ts:29:5)
    at processTicksAndRejections (internal/process/task_queues.js:97:5)

2020-11-05T07:13:30.476Z error: 
â¨¯ Unable to compile TypeScript:
[96msrc/controllers/accountController.ts[0m:[93m25[0m:[93m29[0m - [91merror[0m[90m TS2339: [0mProperty 'updateAll' does not exist on type 'AccountService'.

[7m25[0m         this.accountService.updateAll();
[7m  [0m [91m                            ~~~~~~~~~[0m
[96msrc/controllers/accountController.ts[0m:[93m31[0m:[93m29[0m - [91merror[0m[90m TS2339: [0mProperty 'updateAccounts' does not exist on type 'AccountService'.

[7m31[0m         this.accountService.updateAccounts()
[7m  [0m [91m                            ~~~~~~~~~~~~~~[0m

Error: â¨¯ Unable to compile TypeScript:
[96msrc/controllers/accountController.ts[0m:[93m25[0m:[93m29[0m - [91merror[0m[90m TS2339: [0mProperty 'updateAll' does not exist on type 'AccountService'.

[7m25[0m         this.accountService.updateAll();
[7m  [0m [91m                            ~~~~~~~~~[0m
[96msrc/controllers/accountController.ts[0m:[93m31[0m:[93m29[0m - [91merror[0m[90m TS2339: [0mProperty 'updateAccounts' does not exist on type 'AccountService'.

[7m31[0m         this.accountService.updateAccounts()
[7m  [0m [91m                            ~~~~~~~~~~~~~~[0m

    at Object.<anonymous> (E:\demo\91goout\src\controllers\accountController.ts:1:7)
    at Module._compile (internal/modules/cjs/loader.js:1158:30)
    at Module._compile (C:\Users\bnqkl\AppData\Roaming\npm\node_modules\ts-node-dev\node_modules\source-map-support\source-map-support.js:547:25)
    at Module.m._compile (C:\Users\bnqkl\AppData\Local\Temp\ts-node-dev-hook-7612138031582523.js:57:33)
    at Module._extensions..js (internal/modules/cjs/loader.js:1178:10)
    at require.extensions.<computed> (C:\Users\bnqkl\AppData\Local\Temp\ts-node-dev-hook-7612138031582523.js:59:20)
    at Object.nodeDevHook [as .ts] (C:\Users\bnqkl\AppData\Roaming\npm\node_modules\ts-node-dev\lib\hook.js:63:13)
    at Module.load (internal/modules/cjs/loader.js:1002:32)
    at Function.Module._load (internal/modules/cjs/loader.js:901:14)
    at Module.require (internal/modules/cjs/loader.js:1044:19)
    at require (internal/modules/cjs/helpers.js:77:18)
    at E:\demo\src\util\importClassesFromDirectories.ts:30:20
    at Array.map (<anonymous>)
    at Object.importClassesFromDirectories (E:\demo\src\util\importClassesFromDirectories.ts:29:10)
    at createExecutor (E:\demo\src\index.ts:160:35)
    at createServer (E:\demo\src\index.ts:146:5)
    at Object.useKoaServer (E:\demo\src\index.ts:131:12)
    at setupServer (E:\demo\91goout\src\server.ts:29:5)
    at processTicksAndRejections (internal/process/task_queues.js:97:5)

2020-11-05T07:26:33.223Z error: 
â¨¯ Unable to compile TypeScript:
[96msrc/controllers/accountController.ts[0m:[93m25[0m:[93m29[0m - [91merror[0m[90m TS2339: [0mProperty 'updateAll' does not exist on type 'AccountService'.

[7m25[0m         this.accountService.updateAll();
[7m  [0m [91m                            ~~~~~~~~~[0m
[96msrc/controllers/accountController.ts[0m:[93m31[0m:[93m29[0m - [91merror[0m[90m TS2339: [0mProperty 'updateAccounts' does not exist on type 'AccountService'.

[7m31[0m         this.accountService.updateAccounts()
[7m  [0m [91m                            ~~~~~~~~~~~~~~[0m

Error: â¨¯ Unable to compile TypeScript:
[96msrc/controllers/accountController.ts[0m:[93m25[0m:[93m29[0m - [91merror[0m[90m TS2339: [0mProperty 'updateAll' does not exist on type 'AccountService'.

[7m25[0m         this.accountService.updateAll();
[7m  [0m [91m                            ~~~~~~~~~[0m
[96msrc/controllers/accountController.ts[0m:[93m31[0m:[93m29[0m - [91merror[0m[90m TS2339: [0mProperty 'updateAccounts' does not exist on type 'AccountService'.

[7m31[0m         this.accountService.updateAccounts()
[7m  [0m [91m                            ~~~~~~~~~~~~~~[0m

    at Object.<anonymous> (E:\demo\91goout\src\controllers\accountController.ts:1:7)
    at Module._compile (internal/modules/cjs/loader.js:1158:30)
    at Module._compile (C:\Users\bnqkl\AppData\Roaming\npm\node_modules\ts-node-dev\node_modules\source-map-support\source-map-support.js:547:25)
    at Module.m._compile (C:\Users\bnqkl\AppData\Local\Temp\ts-node-dev-hook-7612138031582523.js:57:33)
    at Module._extensions..js (internal/modules/cjs/loader.js:1178:10)
    at require.extensions.<computed> (C:\Users\bnqkl\AppData\Local\Temp\ts-node-dev-hook-7612138031582523.js:59:20)
    at Object.nodeDevHook [as .ts] (C:\Users\bnqkl\AppData\Roaming\npm\node_modules\ts-node-dev\lib\hook.js:63:13)
    at Module.load (internal/modules/cjs/loader.js:1002:32)
    at Function.Module._load (internal/modules/cjs/loader.js:901:14)
    at Module.require (internal/modules/cjs/loader.js:1044:19)
    at require (internal/modules/cjs/helpers.js:77:18)
    at E:\demo\src\util\importClassesFromDirectories.ts:30:20
    at Array.map (<anonymous>)
    at Object.importClassesFromDirectories (E:\demo\src\util\importClassesFromDirectories.ts:29:10)
    at createExecutor (E:\demo\src\index.ts:160:35)
    at createServer (E:\demo\src\index.ts:146:5)
    at Object.useKoaServer (E:\demo\src\index.ts:131:12)
    at setupServer (E:\demo\91goout\src\server.ts:29:5)
    at processTicksAndRejections (internal/process/task_queues.js:97:5)

2020-11-05T07:26:41.683Z error: 
â¨¯ Unable to compile TypeScript:
[96msrc/controllers/accountController.ts[0m:[93m25[0m:[93m29[0m - [91merror[0m[90m TS2339: [0mProperty 'updateAll' does not exist on type 'AccountService'.

[7m25[0m         this.accountService.updateAll();
[7m  [0m [91m                            ~~~~~~~~~[0m
[96msrc/controllers/accountController.ts[0m:[93m31[0m:[93m29[0m - [91merror[0m[90m TS2339: [0mProperty 'updateAccounts' does not exist on type 'AccountService'.

[7m31[0m         this.accountService.updateAccounts()
[7m  [0m [91m                            ~~~~~~~~~~~~~~[0m

Error: â¨¯ Unable to compile TypeScript:
[96msrc/controllers/accountController.ts[0m:[93m25[0m:[93m29[0m - [91merror[0m[90m TS2339: [0mProperty 'updateAll' does not exist on type 'AccountService'.

[7m25[0m         this.accountService.updateAll();
[7m  [0m [91m                            ~~~~~~~~~[0m
[96msrc/controllers/accountController.ts[0m:[93m31[0m:[93m29[0m - [91merror[0m[90m TS2339: [0mProperty 'updateAccounts' does not exist on type 'AccountService'.

[7m31[0m         this.accountService.updateAccounts()
[7m  [0m [91m                            ~~~~~~~~~~~~~~[0m

    at Object.<anonymous> (E:\demo\91goout\src\controllers\accountController.ts:1:7)
    at Module._compile (internal/modules/cjs/loader.js:1158:30)
    at Module._compile (C:\Users\bnqkl\AppData\Roaming\npm\node_modules\ts-node-dev\node_modules\source-map-support\source-map-support.js:547:25)
    at Module.m._compile (C:\Users\bnqkl\AppData\Local\Temp\ts-node-dev-hook-7612138031582523.js:57:33)
    at Module._extensions..js (internal/modules/cjs/loader.js:1178:10)
    at require.extensions.<computed> (C:\Users\bnqkl\AppData\Local\Temp\ts-node-dev-hook-7612138031582523.js:59:20)
    at Object.nodeDevHook [as .ts] (C:\Users\bnqkl\AppData\Roaming\npm\node_modules\ts-node-dev\lib\hook.js:63:13)
    at Module.load (internal/modules/cjs/loader.js:1002:32)
    at Function.Module._load (internal/modules/cjs/loader.js:901:14)
    at Module.require (internal/modules/cjs/loader.js:1044:19)
    at require (internal/modules/cjs/helpers.js:77:18)
    at E:\demo\src\util\importClassesFromDirectories.ts:30:20
    at Array.map (<anonymous>)
    at Object.importClassesFromDirectories (E:\demo\src\util\importClassesFromDirectories.ts:29:10)
    at createExecutor (E:\demo\src\index.ts:160:35)
    at createServer (E:\demo\src\index.ts:146:5)
    at Object.useKoaServer (E:\demo\src\index.ts:131:12)
    at setupServer (E:\demo\91goout\src\server.ts:29:5)
    at processTicksAndRejections (internal/process/task_queues.js:97:5)

2020-11-05T07:27:33.752Z error: 
â¨¯ Unable to compile TypeScript:
[96msrc/controllers/accountController.ts[0m:[93m25[0m:[93m29[0m - [91merror[0m[90m TS2339: [0mProperty 'updateAll' does not exist on type 'AccountService'.

[7m25[0m         this.accountService.updateAll();
[7m  [0m [91m                            ~~~~~~~~~[0m
[96msrc/controllers/accountController.ts[0m:[93m31[0m:[93m29[0m - [91merror[0m[90m TS2339: [0mProperty 'updateAccounts' does not exist on type 'AccountService'.

[7m31[0m         this.accountService.updateAccounts()
[7m  [0m [91m                            ~~~~~~~~~~~~~~[0m

Error: â¨¯ Unable to compile TypeScript:
[96msrc/controllers/accountController.ts[0m:[93m25[0m:[93m29[0m - [91merror[0m[90m TS2339: [0mProperty 'updateAll' does not exist on type 'AccountService'.

[7m25[0m         this.accountService.updateAll();
[7m  [0m [91m                            ~~~~~~~~~[0m
[96msrc/controllers/accountController.ts[0m:[93m31[0m:[93m29[0m - [91merror[0m[90m TS2339: [0mProperty 'updateAccounts' does not exist on type 'AccountService'.

[7m31[0m         this.accountService.updateAccounts()
[7m  [0m [91m                            ~~~~~~~~~~~~~~[0m

    at Object.<anonymous> (E:\demo\91goout\src\controllers\accountController.ts:1:7)
    at Module._compile (internal/modules/cjs/loader.js:1158:30)
    at Module._compile (C:\Users\bnqkl\AppData\Roaming\npm\node_modules\ts-node-dev\node_modules\source-map-support\source-map-support.js:547:25)
    at Module.m._compile (C:\Users\bnqkl\AppData\Local\Temp\ts-node-dev-hook-7612138031582523.js:57:33)
    at Module._extensions..js (internal/modules/cjs/loader.js:1178:10)
    at require.extensions.<computed> (C:\Users\bnqkl\AppData\Local\Temp\ts-node-dev-hook-7612138031582523.js:59:20)
    at Object.nodeDevHook [as .ts] (C:\Users\bnqkl\AppData\Roaming\npm\node_modules\ts-node-dev\lib\hook.js:63:13)
    at Module.load (internal/modules/cjs/loader.js:1002:32)
    at Function.Module._load (internal/modules/cjs/loader.js:901:14)
    at Module.require (internal/modules/cjs/loader.js:1044:19)
    at require (internal/modules/cjs/helpers.js:77:18)
    at E:\demo\src\util\importClassesFromDirectories.ts:30:20
    at Array.map (<anonymous>)
    at Object.importClassesFromDirectories (E:\demo\src\util\importClassesFromDirectories.ts:29:10)
    at createExecutor (E:\demo\src\index.ts:160:35)
    at createServer (E:\demo\src\index.ts:146:5)
    at Object.useKoaServer (E:\demo\src\index.ts:131:12)
    at setupServer (E:\demo\91goout\src\server.ts:29:5)
    at processTicksAndRejections (internal/process/task_queues.js:97:5)

2020-11-06T03:18:30.474Z error: 
è´¦å·ä¸å­˜åœ¨
Error: è´¦å·ä¸å­˜åœ¨
    at OrderController.create (E:\demo\91goout\src\controllers\orderController.ts:31:19)
    at ErrorHandler.use (E:\demo\91goout\src\middlewares\errorHandler.ts:10:13)
    at bodyParser (E:\demo\91goout\node_modules\koa-bodyparser\index.js:82:48)
    at bodyParser (E:\demo\91goout\node_modules\koa-bodyparser\index.js:95:5)
    at E:\demo\91goout\src\logger.ts:52:9
    at cors (E:\demo\91goout\node_modules\@koa\cors\index.js:56:32)

2020-11-06T06:45:03.930Z error: 
document must have an _id before saving
MongooseError: document must have an _id before saving
    at Timeout._onTimeout (E:\demo\91goout\node_modules\mongoose\lib\model.js:269:18)
    at listOnTimeout (internal/timers.js:549:17)
    at processTimers (internal/timers.js:492:7)

2020-11-06T07:07:03.148Z error: 
action.response.send is not a function
TypeError: action.response.send is not a function
    at ResponseHandler.intercept (E:\demo\91goout\src\interceptors\responseHandler.ts:10:32)
    at E:\demo\src\RoutingControllers.ts:174:96
    at E:\demo\src\RoutingControllers.ts:148:47
    at E:\demo\src\util\runInSequence.ts:9:20

2020-11-06T07:11:19.446Z error: 
action.response.send is not a function
TypeError: action.response.send is not a function
    at ResponseHandler.intercept (E:\demo\91goout\src\interceptors\responseHandler.ts:11:32)
    at E:\demo\src\RoutingControllers.ts:174:96
    at E:\demo\src\RoutingControllers.ts:148:47
    at E:\demo\src\util\runInSequence.ts:9:20

2020-11-06T07:11:44.218Z error: 
action.response.send is not a function
TypeError: action.response.send is not a function
    at ResponseHandler.intercept (E:\demo\91goout\src\interceptors\responseHandler.ts:11:32)
    at E:\demo\src\RoutingControllers.ts:174:96
    at E:\demo\src\RoutingControllers.ts:148:47
    at E:\demo\src\util\runInSequence.ts:9:20

2020-12-22T08:10:49.273Z error: 
â¨¯ Unable to compile TypeScript:
[96msrc/controllers/accountController.ts[0m:[93m44[0m:[93m9[0m - [91merror[0m[90m TS2588: [0mCannot assign to 'accounts' because it is a constant.

[7m44[0m         accounts = accounts.map(account => {
[7m  [0m [91m        ~~~~~~~~[0m

Error: â¨¯ Unable to compile TypeScript:
[96msrc/controllers/accountController.ts[0m:[93m44[0m:[93m9[0m - [91merror[0m[90m TS2588: [0mCannot assign to 'accounts' because it is a constant.

[7m44[0m         accounts = accounts.map(account => {
[7m  [0m [91m        ~~~~~~~~[0m

    at Object.<anonymous> (E:\demo\91goout\src\controllers\accountController.ts:1:7)
    at Module._compile (internal/modules/cjs/loader.js:1158:30)
    at Module._compile (C:\Users\bnqkl\AppData\Roaming\npm\node_modules\ts-node-dev\node_modules\source-map-support\source-map-support.js:547:25)
    at Module.m._compile (C:\Users\bnqkl\AppData\Local\Temp\ts-node-dev-hook-8354944394254009.js:57:33)
    at Module._extensions..js (internal/modules/cjs/loader.js:1178:10)
    at require.extensions.<computed> (C:\Users\bnqkl\AppData\Local\Temp\ts-node-dev-hook-8354944394254009.js:59:20)
    at Object.nodeDevHook [as .ts] (C:\Users\bnqkl\AppData\Roaming\npm\node_modules\ts-node-dev\lib\hook.js:63:13)
    at Module.load (internal/modules/cjs/loader.js:1002:32)
    at Function.Module._load (internal/modules/cjs/loader.js:901:14)
    at Module.require (internal/modules/cjs/loader.js:1044:19)
    at require (internal/modules/cjs/helpers.js:77:18)
    at E:\demo\src\util\importClassesFromDirectories.ts:30:20
    at Array.map (<anonymous>)
    at Object.importClassesFromDirectories (E:\demo\src\util\importClassesFromDirectories.ts:29:10)
    at createExecutor (E:\demo\src\index.ts:160:35)
    at createServer (E:\demo\src\index.ts:146:5)
    at Object.useKoaServer (E:\demo\src\index.ts:131:12)
    at setupServer (E:\demo\91goout\src\server.ts:39:5)
    at processTicksAndRejections (internal/process/task_queues.js:97:5)

2020-12-22T10:34:22.538Z error: 
Given parameter days is invalid. Value ("") cannot be parsed into number.
Error: 
    at InvalidParamError.HttpError [as constructor] (E:\demo\src\http-error\HttpError.ts:19:22)
    at InvalidParamError.BadRequestError [as constructor] (E:\demo\src\http-error\BadRequestError.ts:10:9)
    at new InvalidParamError (E:\demo\src\error\ParamNormalizationError.ts:10:9)
    at ActionParameterHandler.normalizeStringValue (E:\demo\src\ActionParameterHandler.ts:160:27)
    at ActionParameterHandler.<anonymous> (E:\demo\src\ActionParameterHandler.ts:137:33)
    at step (E:\demo\91goout\node_modules\routing-controllers\ActionParameterHandler.js:44:23)
    at Object.next (E:\demo\91goout\node_modules\routing-controllers\ActionParameterHandler.js:25:53)
    at E:\demo\91goout\node_modules\routing-controllers\ActionParameterHandler.js:19:71
    at new Promise (<anonymous>)
    at __awaiter (E:\demo\91goout\node_modules\routing-controllers\ActionParameterHandler.js:15:12)
    at ActionParameterHandler.normalizeParamValue (E:\demo\91goout\node_modules\routing-controllers\ActionParameterHandler.js:135:16)
    at ActionParameterHandler.handle (E:\demo\src\ActionParameterHandler.ts:45:28)
    at E:\demo\src\RoutingControllers.ts:115:49
    at Array.map (<anonymous>)
    at RoutingControllers.executeAction (E:\demo\src\RoutingControllers.ts:115:14)
    at E:\demo\src\RoutingControllers.ts:83:33
    at routeHandler (E:\demo\src\driver\koa\KoaDriver.ts:132:20)
    at dispatch (E:\demo\91goout\node_modules\koa-compose\index.js:42:32)
    at Route.handler (E:\demo\91goout\node_modules\koa-compose\index.js:34:12)
    at Route.call (E:\demo\91goout\node_modules\koa-router\lib\route.js:50:17)
    at invokeRoute (E:\demo\91goout\node_modules\koa-router\lib\router.js:633:25)
    at dispatch (E:\demo\91goout\node_modules\koa-compose\index.js:42:32)

